<?xml version="1.0" encoding="UTF-8"?>
<coverage generated="1747361060198" clover="3.2.0">
  <project timestamp="1747361060198" name="All files">
    <metrics statements="8" coveredstatements="5" conditionals="8" coveredconditionals="7" methods="2" coveredmethods="1" elements="18" coveredelements="13" complexity="0" loc="8" ncloc="8" packages="1" files="1" classes="1"/>
    <file name="main.js" path="D:\File_Imam\KULIAH\6_SEMESTER\KONTRUKSI PERANGKAT LUNAK\Praktikum\KPL_Muhammad Imam Al Amin_2211104077_SE0603\12_Performance_Analysis_Unit_Testing_dan_Debugging\TP\main.js">
      <metrics statements="8" coveredstatements="5" conditionals="8" coveredconditionals="7" methods="2" coveredmethods="1"/>
      <line num="2" count="3" type="cond" truecount="2" falsecount="0"/>
      <line num="3" count="2" type="cond" truecount="2" falsecount="0"/>
      <line num="4" count="1" type="stmt"/>
      <line num="8" count="0" type="stmt"/>
      <line num="9" count="0" type="stmt"/>
      <line num="10" count="0" type="stmt"/>
      <line num="13" count="1" type="cond" truecount="3" falsecount="1"/>
      <line num="14" count="1" type="stmt"/>
    </file>
  </project>
</coverage>
