{"D:\\File_Imam\\KULIAH\\6_SEMESTER\\KONTRUKSI PERANGKAT LUNAK\\Praktikum\\KPL_Muhammad Imam Al Amin_2211104077_SE0603\\12_Performance_Analysis_Unit_Testing_dan_Debugging\\TP\\main.js": {"path":"D:\\File_Imam\\KULIAH\\6_SEMESTER\\KONTRUKSI PERANGKAT LUNAK\\Praktikum\\KPL_Muhammad Imam Al Amin_2211104077_SE0603\\12_Performance_Analysis_Unit_Testing_dan_Debugging\\TP\\main.js","statementMap":{"0":{"start":{"line":2,"column":2},"end":{"line":2,"column":30}},"1":{"start":{"line":2,"column":13},"end":{"line":2,"column":30}},"2":{"start":{"line":3,"column":2},"end":{"line":3,"column":30}},"3":{"start":{"line":3,"column":13},"end":{"line":3,"column":30}},"4":{"start":{"line":4,"column":2},"end":{"line":4,"column":15}},"5":{"start":{"line":8,"column":16},"end":{"line":8,"column":62}},"6":{"start":{"line":9,"column":16},"end":{"line":9,"column":50}},"7":{"start":{"line":10,"column":2},"end":{"line":10,"column":71}},"8":{"start":{"line":13,"column":0},"end":{"line":15,"column":1}},"9":{"start":{"line":14,"column":2},"end":{"line":14,"column":41}}},"fnMap":{"0":{"name":"CariTandaBilangan","decl":{"start":{"line":1,"column":9},"end":{"line":1,"column":26}},"loc":{"start":{"line":1,"column":30},"end":{"line":5,"column":1}},"line":1},"1":{"name":"tampilkanHasil","decl":{"start":{"line":7,"column":9},"end":{"line":7,"column":23}},"loc":{"start":{"line":7,"column":26},"end":{"line":11,"column":1}},"line":7}},"branchMap":{"0":{"loc":{"start":{"line":2,"column":2},"end":{"line":2,"column":30}},"type":"if","locations":[{"start":{"line":2,"column":2},"end":{"line":2,"column":30}},{"start":{},"end":{}}],"line":2},"1":{"loc":{"start":{"line":3,"column":2},"end":{"line":3,"column":30}},"type":"if","locations":[{"start":{"line":3,"column":2},"end":{"line":3,"column":30}},{"start":{},"end":{}}],"line":3},"2":{"loc":{"start":{"line":13,"column":0},"end":{"line":15,"column":1}},"type":"if","locations":[{"start":{"line":13,"column":0},"end":{"line":15,"column":1}},{"start":{},"end":{}}],"line":13},"3":{"loc":{"start":{"line":13,"column":4},"end":{"line":13,"column":51}},"type":"binary-expr","locations":[{"start":{"line":13,"column":4},"end":{"line":13,"column":33}},{"start":{"line":13,"column":37},"end":{"line":13,"column":51}}],"line":13}},"s":{"0":3,"1":1,"2":2,"3":1,"4":1,"5":0,"6":0,"7":0,"8":1,"9":1},"f":{"0":3,"1":0},"b":{"0":[1,2],"1":[1,1],"2":[1,0],"3":[1,1]},"_coverageSchema":"1a1c01bbd47fc00a2c39e90264f33305004495a9","hash":"2347f3dae8123c6d1a24ed4ece456f878fcf3886"}
}
