<?xml version="1.0" encoding="UTF-8"?>
<coverage generated="1747363528185" clover="3.2.0">
  <project timestamp="1747363528185" name="All files">
    <metrics statements="14" coveredstatements="10" conditionals="14" coveredconditionals="13" methods="2" coveredmethods="1" elements="30" coveredelements="24" complexity="0" loc="14" ncloc="14" packages="1" files="1" classes="1"/>
    <file name="main.js" path="D:\File_Imam\KULIAH\6_SEMESTER\KONTRUKSI PERANGKAT LUNAK\Praktikum\KPL_Muhammad Imam Al Amin_2211104077_SE0603\12_Performance_Analysis_Unit_Testing_dan_Debugging\TugasJurnal\main.js">
      <metrics statements="14" coveredstatements="10" conditionals="14" coveredconditionals="13" methods="2" coveredmethods="1"/>
      <line num="2" count="8" type="cond" truecount="2" falsecount="0"/>
      <line num="3" count="6" type="cond" truecount="2" falsecount="0"/>
      <line num="5" count="5" type="stmt"/>
      <line num="6" count="5" type="stmt"/>
      <line num="7" count="71" type="stmt"/>
      <line num="8" count="71" type="cond" truecount="2" falsecount="0"/>
      <line num="11" count="4" type="cond" truecount="4" falsecount="0"/>
      <line num="13" count="2" type="stmt"/>
      <line num="17" count="0" type="stmt"/>
      <line num="18" count="0" type="stmt"/>
      <line num="19" count="0" type="stmt"/>
      <line num="20" count="0" type="stmt"/>
      <line num="23" count="1" type="cond" truecount="3" falsecount="1"/>
      <line num="24" count="1" type="stmt"/>
    </file>
  </project>
</coverage>
