{"D:\\File_Imam\\KULIAH\\6_SEMESTER\\KONTRUKSI PERANGKAT LUNAK\\Praktikum\\KPL_Muhammad Imam Al Amin_2211104077_SE0603\\12_Performance_Analysis_Unit_Testing_dan_Debugging\\TugasJurnal\\main.js": {"path":"D:\\File_Imam\\KULIAH\\6_SEMESTER\\KONTRUKSI PERANGKAT LUNAK\\Praktikum\\KPL_Muhammad Imam Al Amin_2211104077_SE0603\\12_Performance_Analysis_Unit_Testing_dan_Debugging\\TugasJurnal\\main.js","statementMap":{"0":{"start":{"line":2,"column":2},"end":{"line":2,"column":24}},"1":{"start":{"line":2,"column":15},"end":{"line":2,"column":24}},"2":{"start":{"line":3,"column":2},"end":{"line":3,"column":23}},"3":{"start":{"line":3,"column":13},"end":{"line":3,"column":23}},"4":{"start":{"line":5,"column":14},"end":{"line":5,"column":15}},"5":{"start":{"line":6,"column":2},"end":{"line":9,"column":3}},"6":{"start":{"line":6,"column":15},"end":{"line":6,"column":16}},"7":{"start":{"line":7,"column":4},"end":{"line":7,"column":15}},"8":{"start":{"line":8,"column":4},"end":{"line":8,"column":51}},"9":{"start":{"line":8,"column":41},"end":{"line":8,"column":51}},"10":{"start":{"line":11,"column":2},"end":{"line":11,"column":35}},"11":{"start":{"line":11,"column":25},"end":{"line":11,"column":35}},"12":{"start":{"line":13,"column":2},"end":{"line":13,"column":15}},"13":{"start":{"line":17,"column":12},"end":{"line":17,"column":61}},"14":{"start":{"line":18,"column":12},"end":{"line":18,"column":61}},"15":{"start":{"line":19,"column":16},"end":{"line":19,"column":38}},"16":{"start":{"line":20,"column":2},"end":{"line":20,"column":71}},"17":{"start":{"line":23,"column":0},"end":{"line":25,"column":1}},"18":{"start":{"line":24,"column":2},"end":{"line":24,"column":40}}},"fnMap":{"0":{"name":"CariNilaiPangkat","decl":{"start":{"line":1,"column":9},"end":{"line":1,"column":25}},"loc":{"start":{"line":1,"column":32},"end":{"line":14,"column":1}},"line":1},"1":{"name":"tampilkanHasil","decl":{"start":{"line":16,"column":9},"end":{"line":16,"column":23}},"loc":{"start":{"line":16,"column":26},"end":{"line":21,"column":1}},"line":16}},"branchMap":{"0":{"loc":{"start":{"line":2,"column":2},"end":{"line":2,"column":24}},"type":"if","locations":[{"start":{"line":2,"column":2},"end":{"line":2,"column":24}},{"start":{},"end":{}}],"line":2},"1":{"loc":{"start":{"line":3,"column":2},"end":{"line":3,"column":23}},"type":"if","locations":[{"start":{"line":3,"column":2},"end":{"line":3,"column":23}},{"start":{},"end":{}}],"line":3},"2":{"loc":{"start":{"line":8,"column":4},"end":{"line":8,"column":51}},"type":"if","locations":[{"start":{"line":8,"column":4},"end":{"line":8,"column":51}},{"start":{},"end":{}}],"line":8},"3":{"loc":{"start":{"line":11,"column":2},"end":{"line":11,"column":35}},"type":"if","locations":[{"start":{"line":11,"column":2},"end":{"line":11,"column":35}},{"start":{},"end":{}}],"line":11},"4":{"loc":{"start":{"line":11,"column":6},"end":{"line":11,"column":23}},"type":"binary-expr","locations":[{"start":{"line":11,"column":6},"end":{"line":11,"column":12}},{"start":{"line":11,"column":16},"end":{"line":11,"column":23}}],"line":11},"5":{"loc":{"start":{"line":23,"column":0},"end":{"line":25,"column":1}},"type":"if","locations":[{"start":{"line":23,"column":0},"end":{"line":25,"column":1}},{"start":{},"end":{}}],"line":23},"6":{"loc":{"start":{"line":23,"column":4},"end":{"line":23,"column":51}},"type":"binary-expr","locations":[{"start":{"line":23,"column":4},"end":{"line":23,"column":33}},{"start":{"line":23,"column":37},"end":{"line":23,"column":51}}],"line":23}},"s":{"0":8,"1":2,"2":6,"3":1,"4":5,"5":5,"6":5,"7":26,"8":26,"9":1,"10":4,"11":2,"12":2,"13":0,"14":0,"15":0,"16":0,"17":1,"18":1},"f":{"0":8,"1":0},"b":{"0":[2,6],"1":[1,5],"2":[1,25],"3":[2,2],"4":[4,3],"5":[1,0],"6":[1,1]},"_coverageSchema":"1a1c01bbd47fc00a2c39e90264f33305004495a9","hash":"a3f3e0582d77cbfbb00adf64a6a88a8453c5c714"}
}
